<?xml version="1.0" encoding="UTF-8" ?>
<testsuite tests="14" failures="0" name="step_definitions.RunCukesTest" time="0.925" errors="0" skipped="0">
  <properties>
[...]
</properties>
  <testcase classname="Given User open the website sauce demo(| Sauce Labs Onesie | Test.allTheThings() T-Shirt (Red) | Sauce Labs Onesie |)" name="Given User open the website sauce demo(| Sauce Labs Onesie | Test.allTheThings() T-Shirt " time="0.006"/>
  <testcase classname="When User input &quot;standard_user&quot; as userName and Input &quot;secret_sauce&quot; as password(| Sauce Labs Onesie | Test.allTheThings() T-Shirt (Red) | Sauce Labs Onesie |)" name="When User input &quot;standard_user&quot; as userName and Input &quot;secret_sauce&quot; as password(| Sauce Labs Onesie | Test.allTheThings() T-Shirt " time="0"/>
  <testcase classname="Then User already on landing page(| Sauce Labs Onesie | Test.allTheThings() T-Shirt (Red) | Sauce Labs Onesie |)" name="Then User already on landing page(| Sauce Labs Onesie | Test.allTheThings() T-Shirt " time="0"/>
  <testcase classname="And User sort product list by &quot;Name (Z to A)&quot;(| Sauce Labs Onesie | Test.allTheThings() T-Shirt (Red) | Sauce Labs Onesie |)" name="And User sort product list by &quot;Name (Z to A)&quot;(| Sauce Labs Onesie | Test.allTheThings() T-Shirt " time="0"/>
  <testcase classname="And User choice 2 product from the list &quot;Sauce Labs Onesie&quot; and &quot;Test.allTheThings() T-Shirt (Red)&quot;(| Sauce Labs Onesie | Test.allTheThings() T-Shirt (Red) | Sauce Labs Onesie |)" name="And User choice 2 product from the list &quot;Sauce Labs Onesie&quot; and &quot;Test.allTheThings() T-Shirt (Red)&quot;(| Sauce Labs Onesie | Test.allTheThings() T-Shirt " time="0"/>
  <testcase classname="And User click on icon cart to verify product(| Sauce Labs Onesie | Test.allTheThings() T-Shirt (Red) | Sauce Labs Onesie |)" name="And User click on icon cart to verify product(| Sauce Labs Onesie | Test.allTheThings() T-Shirt " time="0"/>
  <testcase classname="Then User delete product &quot;Sauce Labs Onesie&quot;(| Sauce Labs Onesie | Test.allTheThings() T-Shirt (Red) | Sauce Labs Onesie |)" name="Then User delete product &quot;Sauce Labs Onesie&quot;(| Sauce Labs Onesie | Test.allTheThings() T-Shirt " time="0"/>
  <testcase classname="And User click button checkout(| Sauce Labs Onesie | Test.allTheThings() T-Shirt (Red) | Sauce Labs Onesie |)" name="And User click button checkout(| Sauce Labs Onesie | Test.allTheThings() T-Shirt " time="0"/>
  <testcase classname="Then User input Check Out Form in Firs Name &quot;Rizki&quot;, Last Name &quot;Kurniawan&quot; and Partial Code &quot;999&quot;.(| Sauce Labs Onesie | Test.allTheThings() T-Shirt (Red) | Sauce Labs Onesie |)" name="Then User input Check Out Form in Firs Name &quot;Rizki&quot;, Last Name &quot;Kurniawan&quot; and Partial Code &quot;999&quot;.(| Sauce Labs Onesie | Test.allTheThings() T-Shirt " time="0"/>
  <testcase classname="And User verify nominal taxt(| Sauce Labs Onesie | Test.allTheThings() T-Shirt (Red) | Sauce Labs Onesie |)" name="And User verify nominal taxt(| Sauce Labs Onesie | Test.allTheThings() T-Shirt " time="0"/>
  <testcase classname="And User verify Summary total Checkout(| Sauce Labs Onesie | Test.allTheThings() T-Shirt (Red) | Sauce Labs Onesie |)" name="And User verify Summary total Checkout(| Sauce Labs Onesie | Test.allTheThings() T-Shirt " time="0"/>
  <testcase classname="And User click button finish(| Sauce Labs Onesie | Test.allTheThings() T-Shirt (Red) | Sauce Labs Onesie |)" name="And User click button finish(| Sauce Labs Onesie | Test.allTheThings() T-Shirt " time="0.001"/>
  <testcase classname="And User complete order(| Sauce Labs Onesie | Test.allTheThings() T-Shirt (Red) | Sauce Labs Onesie |)" name="And User complete order(| Sauce Labs Onesie | Test.allTheThings() T-Shirt " time="0"/>
  <testcase classname="| Sauce Labs Onesie | Test.allTheThings() T-Shirt (Red) | Sauce Labs Onesie |" name="| Sauce Labs Onesie | Test.allTheThings() T-Shirt " time="0.918"/>
</testsuite>